\BOOKMARK [1][-]{section.1}{Introduction}{}% 1
\BOOKMARK [2][-]{subsection.1.1}{Contributions and Past Work}{section.1}% 2
\BOOKMARK [2][-]{subsection.1.2}{Definitions and Preliminaries}{section.1}% 3
\BOOKMARK [1][-]{section.2}{Outline}{}% 4
\BOOKMARK [1][-]{section.3}{Exactly Computing the nearest neighbor metric}{}% 5
\BOOKMARK [2][-]{subsubsection.3.0.1}{Boxes}{section.3}% 6
\BOOKMARK [3][-]{subsubsection.3.0.2}{Lifting the points to Rn}{subsubsection.3.0.1}% 7
\BOOKMARK [3][-]{subsubsection.3.0.3}{The Lipschitz Extension}{subsubsection.3.0.1}% 8
\BOOKMARK [2][-]{subsection.3.1}{From Finite Sets to Finite Collections of Compact Path-Connected Bodies}{section.3}% 9
\BOOKMARK [1][-]{section.4}{Persistent Homology of the Nearest-neighbor Geodesic Distance}{}% 10
\BOOKMARK [1][-]{section.5}{Relating the nearest neighbor metric to Euclidean MSTs, Euclidean Spanners, and More}{}% 11
\BOOKMARK [2][-]{definition.5.1}{Relation to the Euclidean MST problem}{section.5}% 12
\BOOKMARK [2][-]{subsection.5.2}{Generalizing Single Linkage Clustering, Level Sets, and k-Centers clustering}{section.5}% 13
\BOOKMARK [1][-]{section.6}{Spanners for the nearest neighbor metric}{}% 14
\BOOKMARK [2][-]{subsection.6.1}{Exact-spanners of nearest neighbor metric in the Probability Density Setting }{section.6}% 15
\BOOKMARK [2][-]{subsection.6.2}{Fast, Sparse Spanner for the Edge-Squared Metric}{section.6}% 16
\BOOKMARK [1][-]{section.7}{Conclusions and Open Questions}{}% 17
\BOOKMARK [1][-]{appendix.A}{Nearest Neighbor Metric and Edge-Power Metrics relate to Single Linkage Clustering, Level Sets, and k-Centers clustering}{}% 18
\BOOKMARK [1][-]{appendix.B}{Proving Faster and Sparser-than-Euclidean Approximate Spanners}{}% 19
\BOOKMARK [2][-]{definition.B.1}{1+O\(2\) spanners can be generated from a 1/ WSPD}{appendix.B}% 20
\BOOKMARK [1][-]{appendix.C}{Spanners in the Probability Density Setting: Full Proof}{}% 21
