This is pdfTeX, Version 3.14159265-2.6-1.40.16 (TeX Live 2015/Debian) (preloaded format=pdflatex 2018.11.24)  21 APR 2020 02:26
entering extended mode
 restricted \write18 enabled.
 %&-line parsing enabled.
**main-soda.pdf
(./main-soda.pdf
LaTeX2e <2016/02/01>
Babel <3.9q> and hyphenation patterns for 81 language(s) loaded.

! LaTeX Error: Missing \begin{document}.

See the LaTeX manual or LaTeX Companion for explanation.
Type  H <return>  for immediate help.
 ...                                              
                                                  
l.3 1
     05 0 obj
? 
! Interruption.
\GenericError  ...                                
                                                  \endgroup 
l.3 1
     05 0 obj
? 
Missing character: There is no 1 in font nullfont!
Missing character: There is no 0 in font nullfont!
Missing character: There is no 5 in font nullfont!
Missing character: There is no 0 in font nullfont!
Missing character: There is no o in font nullfont!
Missing character: There is no b in font nullfont!
Missing character: There is no j in font nullfont!
Missing character: There is no < in font nullfont!
Missing character: There is no < in font nullfont!
Missing character: There is no / in font nullfont!
Missing character: There is no L in font nullfont!
Missing character: There is no e in font nullfont!
Missing character: There is no n in font nullfont!
Missing character: There is no g in font nullfont!
Missing character: There is no t in font nullfont!
Missing character: There is no h in font nullfont!
Missing character: There is no 4 in font nullfont!
Missing character: There is no 4 in font nullfont!
Missing character: There is no 9 in font nullfont!
Missing character: There is no 5 in font nullfont!
Missing character: There is no / in font nullfont!
Missing character: There is no F in font nullfont!
Missing character: There is no i in font nullfont!
Missing character: There is no l in font nullfont!
Missing character: There is no t in font nullfont!
Missing character: There is no e in font nullfont!
Missing character: There is no r in font nullfont!
Missing character: There is no / in font nullfont!
Missing character: There is no F in font nullfont!
Missing character: There is no l in font nullfont!
Missing character: There is no a in font nullfont!
Missing character: There is no t in font nullfont!
Missing character: There is no e in font nullfont!
Missing character: There is no D in font nullfont!
Missing character: There is no e in font nullfont!
Missing character: There is no c in font nullfont!
Missing character: There is no o in font nullfont!
Missing character: There is no d in font nullfont!
Missing character: There is no e in font nullfont!
Missing character: There is no > in font nullfont!
Missing character: There is no > in font nullfont!
Missing character: There is no s in font nullfont!
Missing character: There is no t in font nullfont!
Missing character: There is no r in font nullfont!
Missing character: There is no e in font nullfont!
Missing character: There is no a in font nullfont!
Missing character: There is no m in font nullfont!
Missing character: There is no x in font nullfont!
Missing character: There is no Ú in font nullfont!
Missing character: There is no ­ in font nullfont!
Missing character: There is no Z in font nullfont!
Missing character: There is no [ in font nullfont!
Missing character: There is no — in font nullfont!
Missing character: There is no › in font nullfont!
Missing character: There is no È in font nullfont!
! Text line contains an invalid character.
l.9 xÚ­Z[—›È^^Q
               ~÷¯PŞ˜“^^Q¡/Ğœœ^^S¯×ëlílv¼Éƒã^^GFb$b^^D
? 
Missing character: There is no ÷ in font nullfont!
Missing character: There is no ¯ in font nullfont!
Missing character: There is no P in font nullfont!
Missing character: There is no Ş in font nullfont!
Missing character: There is no ˜ in font nullfont!
Missing character: There is no “ in font nullfont!
! Text line contains an invalid character.
l.9 xÚ­Z[—›È^^Q~÷¯PŞ˜“^^Q
                         ¡/Ğœœ^^S¯×ëlílv¼Éƒã^^GFb$b^^D
? X
 
Here is how much of TeX's memory you used:
 5 strings out of 493029
 142 string characters out of 6136233
 53068 words of memory out of 5000000
 3641 multiletter control sequences out of 15000+600000
 3640 words of font info for 14 fonts, out of 8000000 for 9000
 1141 hyphenation exceptions out of 8191
 5i,0n,4p,60b,14s stack positions out of 5000i,500n,10000p,200000b,80000s
No pages of output.
PDF statistics:
 0 PDF objects out of 1000 (max. 8388607)
 0 named destinations out of 1000 (max. 500000)
 1 words of extra memory for PDF output out of 10000 (max. 10000000)

